This is pdfTeX, Version 3.1415926-2.4-1.40.13 (TeX Live 2012) (format=pdflatex 2012.6.30)  24 OCT 2013 15:06
entering extended mode
 restricted \write18 enabled.
 %&-line parsing enabled.
**document.tex
(./document.tex
LaTeX2e <2011/06/27>
Babel <v3.8m> and hyphenation patterns for english, dumylang, nohyphenation, ge
rman-x-2012-05-30, ngerman-x-2012-05-30, afrikaans, ancientgreek, ibycus, arabi
c, armenian, basque, bulgarian, catalan, pinyin, coptic, croatian, czech, danis
h, dutch, ukenglish, usenglishmax, esperanto, estonian, ethiopic, farsi, finnis
h, french, friulan, galician, german, ngerman, swissgerman, monogreek, greek, h
ungarian, icelandic, assamese, bengali, gujarati, hindi, kannada, malayalam, ma
rathi, oriya, panjabi, tamil, telugu, indonesian, interlingua, irish, italian, 
kurmanji, latin, latvian, lithuanian, mongolian, mongolianlmc, bokmal, nynorsk,
 polish, portuguese, romanian, romansh, russian, sanskrit, serbian, serbianc, s
lovak, slovenian, spanish, swedish, turkish, turkmen, ukrainian, uppersorbian, 
welsh, loaded.
(/usr/local/texlive/2012/texmf-dist/tex/latex/base/book.cls
Document Class: book 2007/10/19 v1.4h Standard LaTeX document class
(/usr/local/texlive/2012/texmf-dist/tex/latex/base/bk11.clo
File: bk11.clo 2007/10/19 v1.4h Standard LaTeX file (size option)
)
\c@part=\count79
\c@chapter=\count80
\c@section=\count81
\c@subsection=\count82
\c@subsubsection=\count83
\c@paragraph=\count84
\c@subparagraph=\count85
\c@figure=\count86
\c@table=\count87
\abovecaptionskip=\skip41
\belowcaptionskip=\skip42
\bibindent=\dimen102
) (./thesis.sty
Package: thesis 2009/06/14 21:04 David's excellent thesis package!

(./noweb.sty
\nwmarginglue=\dimen103
\codehsize=\dimen104
\codemargin=\dimen105
\nwdefspace=\dimen106
\equivbox=\box26
LaTeX Font Info:    External font `cmex10' loaded for size
(Font)              <10.95> on input line 77.
LaTeX Font Info:    External font `cmex10' loaded for size
(Font)              <8> on input line 77.
LaTeX Font Info:    External font `cmex10' loaded for size
(Font)              <6> on input line 77.
\plusequivbox=\box27
\nwcodetopsep=\skip43
\nwcodepenalty=\count88
\@original@textwidth=\dimen107
\nwcodecommentsep=\skip44
\@nwlopage=\count89
\@nwhipage=\count90
\@nwlosub=\count91
\@nwhisub=\count92
\@nwpagetemp=\count93
\@nwpagecount=\count94
\sub@page=\count95
\@nwalph@n=\count96
\nw@chunkcount=\count97
\@commacount=\count98
\nwix@counter=\count99
) (/usr/local/texlive/2012/texmf-dist/tex/latex/url/url.sty
\Urlmuskip=\muskip10
Package: url 2006/04/12  ver 3.3  Verb mode for urls, etc.
)
(/usr/local/texlive/2012/texmf-dist/tex/latex/psnfss/palatino.sty
Package: palatino 2005/04/12 PSNFSS-v9.2a (SPQR) 
)
(/usr/local/texlive/2012/texmf-dist/tex/latex/base/inputenc.sty
Package: inputenc 2008/03/30 v1.1d Input encoding file
\inpenc@prehook=\toks14
\inpenc@posthook=\toks15

(/usr/local/texlive/2012/texmf-dist/tex/latex/base/utf8.def
File: utf8.def 2008/04/05 v1.1m UTF-8 support for inputenc
Now handling font encoding OML ...
... no UTF-8 mapping file for font encoding OML
Now handling font encoding T1 ...
... processing UTF-8 mapping file for font encoding T1

(/usr/local/texlive/2012/texmf-dist/tex/latex/base/t1enc.dfu
File: t1enc.dfu 2008/04/05 v1.1m UTF-8 support for inputenc
   defining Unicode char U+00A1 (decimal 161)
   defining Unicode char U+00A3 (decimal 163)
   defining Unicode char U+00AB (decimal 171)
   defining Unicode char U+00BB (decimal 187)
   defining Unicode char U+00BF (decimal 191)
   defining Unicode char U+00C0 (decimal 192)
   defining Unicode char U+00C1 (decimal 193)
   defining Unicode char U+00C2 (decimal 194)
   defining Unicode char U+00C3 (decimal 195)
   defining Unicode char U+00C4 (decimal 196)
   defining Unicode char U+00C5 (decimal 197)
   defining Unicode char U+00C6 (decimal 198)
   defining Unicode char U+00C7 (decimal 199)
   defining Unicode char U+00C8 (decimal 200)
   defining Unicode char U+00C9 (decimal 201)
   defining Unicode char U+00CA (decimal 202)
   defining Unicode char U+00CB (decimal 203)
   defining Unicode char U+00CC (decimal 204)
   defining Unicode char U+00CD (decimal 205)
   defining Unicode char U+00CE (decimal 206)
   defining Unicode char U+00CF (decimal 207)
   defining Unicode char U+00D0 (decimal 208)
   defining Unicode char U+00D1 (decimal 209)
   defining Unicode char U+00D2 (decimal 210)
   defining Unicode char U+00D3 (decimal 211)
   defining Unicode char U+00D4 (decimal 212)
   defining Unicode char U+00D5 (decimal 213)
   defining Unicode char U+00D6 (decimal 214)
   defining Unicode char U+00D8 (decimal 216)
   defining Unicode char U+00D9 (decimal 217)
   defining Unicode char U+00DA (decimal 218)
   defining Unicode char U+00DB (decimal 219)
   defining Unicode char U+00DC (decimal 220)
   defining Unicode char U+00DD (decimal 221)
   defining Unicode char U+00DE (decimal 222)
   defining Unicode char U+00DF (decimal 223)
   defining Unicode char U+00E0 (decimal 224)
   defining Unicode char U+00E1 (decimal 225)
   defining Unicode char U+00E2 (decimal 226)
   defining Unicode char U+00E3 (decimal 227)
   defining Unicode char U+00E4 (decimal 228)
   defining Unicode char U+00E5 (decimal 229)
   defining Unicode char U+00E6 (decimal 230)
   defining Unicode char U+00E7 (decimal 231)
   defining Unicode char U+00E8 (decimal 232)
   defining Unicode char U+00E9 (decimal 233)
   defining Unicode char U+00EA (decimal 234)
   defining Unicode char U+00EB (decimal 235)
   defining Unicode char U+00EC (decimal 236)
   defining Unicode char U+00ED (decimal 237)
   defining Unicode char U+00EE (decimal 238)
   defining Unicode char U+00EF (decimal 239)
   defining Unicode char U+00F0 (decimal 240)
   defining Unicode char U+00F1 (decimal 241)
   defining Unicode char U+00F2 (decimal 242)
   defining Unicode char U+00F3 (decimal 243)
   defining Unicode char U+00F4 (decimal 244)
   defining Unicode char U+00F5 (decimal 245)
   defining Unicode char U+00F6 (decimal 246)
   defining Unicode char U+00F8 (decimal 248)
   defining Unicode char U+00F9 (decimal 249)
   defining Unicode char U+00FA (decimal 250)
   defining Unicode char U+00FB (decimal 251)
   defining Unicode char U+00FC (decimal 252)
   defining Unicode char U+00FD (decimal 253)
   defining Unicode char U+00FE (decimal 254)
   defining Unicode char U+00FF (decimal 255)
   defining Unicode char U+0102 (decimal 258)
   defining Unicode char U+0103 (decimal 259)
   defining Unicode char U+0104 (decimal 260)
   defining Unicode char U+0105 (decimal 261)
   defining Unicode char U+0106 (decimal 262)
   defining Unicode char U+0107 (decimal 263)
   defining Unicode char U+010C (decimal 268)
   defining Unicode char U+010D (decimal 269)
   defining Unicode char U+010E (decimal 270)
   defining Unicode char U+010F (decimal 271)
   defining Unicode char U+0110 (decimal 272)
   defining Unicode char U+0111 (decimal 273)
   defining Unicode char U+0118 (decimal 280)
   defining Unicode char U+0119 (decimal 281)
   defining Unicode char U+011A (decimal 282)
   defining Unicode char U+011B (decimal 283)
   defining Unicode char U+011E (decimal 286)
   defining Unicode char U+011F (decimal 287)
   defining Unicode char U+0130 (decimal 304)
   defining Unicode char U+0131 (decimal 305)
   defining Unicode char U+0132 (decimal 306)
   defining Unicode char U+0133 (decimal 307)
   defining Unicode char U+0139 (decimal 313)
   defining Unicode char U+013A (decimal 314)
   defining Unicode char U+013D (decimal 317)
   defining Unicode char U+013E (decimal 318)
   defining Unicode char U+0141 (decimal 321)
   defining Unicode char U+0142 (decimal 322)
   defining Unicode char U+0143 (decimal 323)
   defining Unicode char U+0144 (decimal 324)
   defining Unicode char U+0147 (decimal 327)
   defining Unicode char U+0148 (decimal 328)
   defining Unicode char U+014A (decimal 330)
   defining Unicode char U+014B (decimal 331)
   defining Unicode char U+0150 (decimal 336)
   defining Unicode char U+0151 (decimal 337)
   defining Unicode char U+0152 (decimal 338)
   defining Unicode char U+0153 (decimal 339)
   defining Unicode char U+0154 (decimal 340)
   defining Unicode char U+0155 (decimal 341)
   defining Unicode char U+0158 (decimal 344)
   defining Unicode char U+0159 (decimal 345)
   defining Unicode char U+015A (decimal 346)
   defining Unicode char U+015B (decimal 347)
   defining Unicode char U+015E (decimal 350)
   defining Unicode char U+015F (decimal 351)
   defining Unicode char U+0160 (decimal 352)
   defining Unicode char U+0161 (decimal 353)
   defining Unicode char U+0162 (decimal 354)
   defining Unicode char U+0163 (decimal 355)
   defining Unicode char U+0164 (decimal 356)
   defining Unicode char U+0165 (decimal 357)
   defining Unicode char U+016E (decimal 366)
   defining Unicode char U+016F (decimal 367)
   defining Unicode char U+0170 (decimal 368)
   defining Unicode char U+0171 (decimal 369)
   defining Unicode char U+0178 (decimal 376)
   defining Unicode char U+0179 (decimal 377)
   defining Unicode char U+017A (decimal 378)
   defining Unicode char U+017B (decimal 379)
   defining Unicode char U+017C (decimal 380)
   defining Unicode char U+017D (decimal 381)
   defining Unicode char U+017E (decimal 382)
   defining Unicode char U+200C (decimal 8204)
   defining Unicode char U+2013 (decimal 8211)
   defining Unicode char U+2014 (decimal 8212)
   defining Unicode char U+2018 (decimal 8216)
   defining Unicode char U+2019 (decimal 8217)
   defining Unicode char U+201A (decimal 8218)
   defining Unicode char U+201C (decimal 8220)
   defining Unicode char U+201D (decimal 8221)
   defining Unicode char U+201E (decimal 8222)
   defining Unicode char U+2030 (decimal 8240)
   defining Unicode char U+2031 (decimal 8241)
   defining Unicode char U+2039 (decimal 8249)
   defining Unicode char U+203A (decimal 8250)
   defining Unicode char U+2423 (decimal 9251)
)
Now handling font encoding OT1 ...
... processing UTF-8 mapping file for font encoding OT1

(/usr/local/texlive/2012/texmf-dist/tex/latex/base/ot1enc.dfu
File: ot1enc.dfu 2008/04/05 v1.1m UTF-8 support for inputenc
   defining Unicode char U+00A1 (decimal 161)
   defining Unicode char U+00A3 (decimal 163)
   defining Unicode char U+00B8 (decimal 184)
   defining Unicode char U+00BF (decimal 191)
   defining Unicode char U+00C5 (decimal 197)
   defining Unicode char U+00C6 (decimal 198)
   defining Unicode char U+00D8 (decimal 216)
   defining Unicode char U+00DF (decimal 223)
   defining Unicode char U+00E6 (decimal 230)
   defining Unicode char U+00EC (decimal 236)
   defining Unicode char U+00ED (decimal 237)
   defining Unicode char U+00EE (decimal 238)
   defining Unicode char U+00EF (decimal 239)
   defining Unicode char U+00F8 (decimal 248)
   defining Unicode char U+0131 (decimal 305)
   defining Unicode char U+0141 (decimal 321)
   defining Unicode char U+0142 (decimal 322)
   defining Unicode char U+0152 (decimal 338)
   defining Unicode char U+0153 (decimal 339)
   defining Unicode char U+2013 (decimal 8211)
   defining Unicode char U+2014 (decimal 8212)
   defining Unicode char U+2018 (decimal 8216)
   defining Unicode char U+2019 (decimal 8217)
   defining Unicode char U+201C (decimal 8220)
   defining Unicode char U+201D (decimal 8221)
)
Now handling font encoding OMS ...
... processing UTF-8 mapping file for font encoding OMS

(/usr/local/texlive/2012/texmf-dist/tex/latex/base/omsenc.dfu
File: omsenc.dfu 2008/04/05 v1.1m UTF-8 support for inputenc
   defining Unicode char U+00A7 (decimal 167)
   defining Unicode char U+00B6 (decimal 182)
   defining Unicode char U+00B7 (decimal 183)
   defining Unicode char U+2020 (decimal 8224)
   defining Unicode char U+2021 (decimal 8225)
   defining Unicode char U+2022 (decimal 8226)
)
Now handling font encoding OMX ...
... no UTF-8 mapping file for font encoding OMX
Now handling font encoding U ...
... no UTF-8 mapping file for font encoding U
   defining Unicode char U+00A9 (decimal 169)
   defining Unicode char U+00AA (decimal 170)
   defining Unicode char U+00AE (decimal 174)
   defining Unicode char U+00BA (decimal 186)
   defining Unicode char U+02C6 (decimal 710)
   defining Unicode char U+02DC (decimal 732)
   defining Unicode char U+200C (decimal 8204)
   defining Unicode char U+2026 (decimal 8230)
   defining Unicode char U+2122 (decimal 8482)
   defining Unicode char U+2423 (decimal 9251)
))
(/usr/local/texlive/2012/texmf-dist/tex/latex/graphics/epsfig.sty
Package: epsfig 1999/02/16 v1.7a (e)psfig emulation (SPQR)

(/usr/local/texlive/2012/texmf-dist/tex/latex/graphics/graphicx.sty
Package: graphicx 1999/02/16 v1.0f Enhanced LaTeX Graphics (DPC,SPQR)

(/usr/local/texlive/2012/texmf-dist/tex/latex/graphics/keyval.sty
Package: keyval 1999/03/16 v1.13 key=value parser (DPC)
\KV@toks@=\toks16
)
(/usr/local/texlive/2012/texmf-dist/tex/latex/graphics/graphics.sty
Package: graphics 2009/02/05 v1.0o Standard LaTeX Graphics (DPC,SPQR)

(/usr/local/texlive/2012/texmf-dist/tex/latex/graphics/trig.sty
Package: trig 1999/03/16 v1.09 sin cos tan (DPC)
)
(/usr/local/texlive/2012/texmf-dist/tex/latex/latexconfig/graphics.cfg
File: graphics.cfg 2010/04/23 v1.9 graphics configuration of TeX Live
)
Package graphics Info: Driver file: dvips.def on input line 91.

(/usr/local/texlive/2012/texmf-dist/tex/latex/graphics/dvips.def
File: dvips.def 1999/02/16 v3.0i Driver-dependant file (DPC,SPQR)
))
\Gin@req@height=\dimen108
\Gin@req@width=\dimen109
)
\epsfxsize=\dimen110
\epsfysize=\dimen111
)
(/usr/local/texlive/2012/texmf-dist/tex/latex/graphics/color.sty
Package: color 2005/11/14 v1.0j Standard LaTeX Color (DPC)

(/usr/local/texlive/2012/texmf-dist/tex/latex/latexconfig/color.cfg
File: color.cfg 2007/01/18 v1.5 color configuration of teTeX/TeXLive
)
Package color Info: Driver file: pdftex.def on input line 130.

(/usr/local/texlive/2012/texmf-dist/tex/latex/pdftex-def/pdftex.def
File: pdftex.def 2011/05/27 v0.06d Graphics/color for pdfTeX

(/usr/local/texlive/2012/texmf-dist/tex/generic/oberdiek/infwarerr.sty
Package: infwarerr 2010/04/08 v1.3 Providing info/warning/error messages (HO)
)
(/usr/local/texlive/2012/texmf-dist/tex/generic/oberdiek/ltxcmds.sty
Package: ltxcmds 2011/11/09 v1.22 LaTeX kernel commands for general use (HO)
)
\Gread@gobject=\count100
))
(/usr/local/texlive/2012/texmf-dist/tex/latex/misc209/psboxit.sty
\gray@box=\box28
\gray@space=\dimen112
)
(./doublespace.sty)
(/usr/local/texlive/2012/texmf-dist/tex/latex/tools/multicol.sty
Package: multicol 2011/06/27 v1.7a multicolumn formatting (FMi)
\c@tracingmulticols=\count101
\mult@box=\box29
\multicol@leftmargin=\dimen113
\c@unbalance=\count102
\c@collectmore=\count103
\doublecol@number=\count104
\multicoltolerance=\count105
\multicolpretolerance=\count106
\full@width=\dimen114
\page@free=\dimen115
\premulticols=\dimen116
\postmulticols=\dimen117
\multicolsep=\skip45
\multicolbaselineskip=\skip46
\partial@page=\box30
\last@line=\box31
\mult@rightbox=\box32
\mult@grightbox=\box33
\mult@gfirstbox=\box34
\mult@firstbox=\box35
\@tempa=\box36
\@tempa=\box37
\@tempa=\box38
\@tempa=\box39
\@tempa=\box40
\@tempa=\box41
\@tempa=\box42
\@tempa=\box43
\@tempa=\box44
\@tempa=\box45
\@tempa=\box46
\@tempa=\box47
\@tempa=\box48
\@tempa=\box49
\@tempa=\box50
\@tempa=\box51
\@tempa=\box52
\c@columnbadness=\count107
\c@finalcolumnbadness=\count108
\last@try=\dimen118
\multicolovershoot=\dimen119
\multicolundershoot=\dimen120
\mult@nat@firstbox=\box53
\colbreak@box=\box54
\multicol@sort@counter=\count109
)
(/usr/local/texlive/2012/texmf-dist/tex/latex/nomencl/nomencl.sty
Package: nomencl 2005/09/22 v4.2 Nomenclature package (LN)
\nomlabelwidth=\dimen121
\nom@tempdim=\dimen122
\nomitemsep=\skip47
) (./avm.sty
\avmdimen=\dimen123
\avmboxone=\box55
\avmboxthree=\box56
)
(./chicago.sty
Using Chicago Manual of Style bibliography: 31 August 1992
\bibhang=\skip48
\bibindent=\dimen124
) (/usr/local/texlive/2012/texmf-dist/tex/latex/amsmath/amsmath.sty
Package: amsmath 2000/07/18 v2.13 AMS math features
\@mathmargin=\skip49

For additional information on amsmath, use the `?' option.
(/usr/local/texlive/2012/texmf-dist/tex/latex/amsmath/amstext.sty
Package: amstext 2000/06/29 v2.01

(/usr/local/texlive/2012/texmf-dist/tex/latex/amsmath/amsgen.sty
File: amsgen.sty 1999/11/30 v2.0
\@emptytoks=\toks17
\ex@=\dimen125
))
(/usr/local/texlive/2012/texmf-dist/tex/latex/amsmath/amsbsy.sty
Package: amsbsy 1999/11/29 v1.2d
\pmbraise@=\dimen126
)
(/usr/local/texlive/2012/texmf-dist/tex/latex/amsmath/amsopn.sty
Package: amsopn 1999/12/14 v2.01 operator names
)
\inf@bad=\count110
LaTeX Info: Redefining \frac on input line 211.
\uproot@=\count111
\leftroot@=\count112
LaTeX Info: Redefining \overline on input line 307.
\classnum@=\count113
\DOTSCASE@=\count114
LaTeX Info: Redefining \ldots on input line 379.
LaTeX Info: Redefining \dots on input line 382.
LaTeX Info: Redefining \cdots on input line 467.
\Mathstrutbox@=\box57
\strutbox@=\box58
\big@size=\dimen127
LaTeX Font Info:    Redeclaring font encoding OML on input line 567.
LaTeX Font Info:    Redeclaring font encoding OMS on input line 568.
\macc@depth=\count115
\c@MaxMatrixCols=\count116
\dotsspace@=\muskip11
\c@parentequation=\count117
\dspbrk@lvl=\count118
\tag@help=\toks18
\row@=\count119
\column@=\count120
\maxfields@=\count121
\andhelp@=\toks19
\eqnshift@=\dimen128
\alignsep@=\dimen129
\tagshift@=\dimen130
\tagwidth@=\dimen131
\totwidth@=\dimen132
\lineht@=\dimen133
\@envbody=\toks20
\multlinegap=\skip50
\multlinetaggap=\skip51
\mathdisplay@stack=\toks21
LaTeX Info: Redefining \[ on input line 2666.
LaTeX Info: Redefining \] on input line 2667.
)
(/usr/local/texlive/2012/texmf-dist/tex/latex/amsfonts/amssymb.sty
Package: amssymb 2009/06/22 v3.00

(/usr/local/texlive/2012/texmf-dist/tex/latex/amsfonts/amsfonts.sty
Package: amsfonts 2009/06/22 v3.00 Basic AMSFonts support
\symAMSa=\mathgroup4
\symAMSb=\mathgroup5
LaTeX Font Info:    Overwriting math alphabet `\mathfrak' in version `bold'
(Font)                  U/euf/m/n --> U/euf/b/n on input line 96.
))
(/usr/local/texlive/2012/texmf-dist/tex/latex/index/index.sty
Package: index 2004/01/20 v4.2beta Improved index support (dmj)
\@indexbox=\insert233
\indexproofstyle=\toks22
)
\idxtitle@default=\toks23
\tf@default=\write3
\openout3 = `document.idx'.

Package index Info: Writing index file document.idx on input line 94.
\idxtitle@aut=\toks24
\tf@aut=\write4
\openout4 = `document.adx'.

Package index Info: Writing index file document.adx on input line 95.

(/usr/local/texlive/2012/texmf-dist/tex/latex/floatflt/floatflt.sty
Package: floatflt 1997/07/16 v. 1.31
\c@OptionTest=\count122
\figbox=\box59
\tabbox=\box60
\pagebox=\box61
\ffigcount=\count123
\ftabcount=\count124
\fftest=\count125
\hangcount=\count126
\nosuccesstryfig=\count127
\nosuccesstrytab=\count128
\figgutter=\dimen134
\tabgutter=\dimen135
\htdone=\dimen136
\pageht=\dimen137
\startpageht=\dimen138
\tabbredd=\dimen139
\floatfltwidth=\dimen140
\fltitemwidth=\dimen141
\outputpretest=\toks25
)
(/usr/local/texlive/2012/texmf-dist/tex/latex/wrapfig/wrapfig.sty
\wrapoverhang=\dimen142
\WF@size=\dimen143
\c@WF@wrappedlines=\count129
\WF@box=\box62
\WF@everypar=\toks26
Package: wrapfig 2003/01/31  v 3.6
)
(/usr/local/texlive/2012/texmf-dist/tex/latex/hyperref/hyperref.sty
Package: hyperref 2012/05/13 v6.82q Hypertext links for LaTeX

(/usr/local/texlive/2012/texmf-dist/tex/generic/oberdiek/hobsub-hyperref.sty
Package: hobsub-hyperref 2012/05/28 v1.13 Bundle oberdiek, subset hyperref (HO)


(/usr/local/texlive/2012/texmf-dist/tex/generic/oberdiek/hobsub-generic.sty
Package: hobsub-generic 2012/05/28 v1.13 Bundle oberdiek, subset generic (HO)
Package: hobsub 2012/05/28 v1.13 Construct package bundles (HO)
Package hobsub Info: Skipping package `infwarerr' (already loaded).
Package hobsub Info: Skipping package `ltxcmds' (already loaded).
Package: ifluatex 2010/03/01 v1.3 Provides the ifluatex switch (HO)
Package ifluatex Info: LuaTeX not detected.
Package: ifvtex 2010/03/01 v1.5 Detect VTeX and its facilities (HO)
Package ifvtex Info: VTeX not detected.
Package: intcalc 2007/09/27 v1.1 Expandable calculations with integers (HO)
Package: ifpdf 2011/01/30 v2.3 Provides the ifpdf switch (HO)
Package ifpdf Info: pdfTeX in PDF mode is detected.
Package: etexcmds 2011/02/16 v1.5 Avoid name clashes with e-TeX commands (HO)
Package etexcmds Info: Could not find \expanded.
(etexcmds)             That can mean that you are not using pdfTeX 1.50 or
(etexcmds)             that some package has redefined \expanded.
(etexcmds)             In the latter case, load this package earlier.
Package: kvsetkeys 2012/04/25 v1.16 Key value parser (HO)
Package: kvdefinekeys 2011/04/07 v1.3 Define keys (HO)
Package: pdftexcmds 2011/11/29 v0.20 Utility functions of pdfTeX for LuaTeX (HO
)
Package pdftexcmds Info: LuaTeX not detected.
Package pdftexcmds Info: \pdf@primitive is available.
Package pdftexcmds Info: \pdf@ifprimitive is available.
Package pdftexcmds Info: \pdfdraftmode found.
Package: pdfescape 2011/11/25 v1.13 Implements pdfTeX's escape features (HO)
Package: bigintcalc 2012/04/08 v1.3 Expandable calculations on big integers (HO
)
Package: bitset 2011/01/30 v1.1 Handle bit-vector datatype (HO)
Package: uniquecounter 2011/01/30 v1.2 Provide unlimited unique counter (HO)
)
Package hobsub Info: Skipping package `hobsub' (already loaded).
Package: letltxmacro 2010/09/02 v1.4 Let assignment for LaTeX macros (HO)
Package: hopatch 2012/05/28 v1.2 Wrapper for package hooks (HO)
Package: xcolor-patch 2011/01/30 xcolor patch
Package: atveryend 2011/06/30 v1.8 Hooks at the very end of document (HO)
Package atveryend Info: \enddocument detected (standard20110627).
Package: atbegshi 2011/10/05 v1.16 At begin shipout hook (HO)
Package: refcount 2011/10/16 v3.4 Data extraction from label references (HO)
Package: hycolor 2011/01/30 v1.7 Color options for hyperref/bookmark (HO)
)
(/usr/local/texlive/2012/texmf-dist/tex/generic/ifxetex/ifxetex.sty
Package: ifxetex 2010/09/12 v0.6 Provides ifxetex conditional
)
(/usr/local/texlive/2012/texmf-dist/tex/latex/oberdiek/kvoptions.sty
Package: kvoptions 2011/06/30 v3.11 Key value format for package options (HO)
)
\@linkdim=\dimen144
\Hy@linkcounter=\count130
\Hy@pagecounter=\count131

(/usr/local/texlive/2012/texmf-dist/tex/latex/hyperref/pd1enc.def
File: pd1enc.def 2012/05/13 v6.82q Hyperref: PDFDocEncoding definition (HO)
Now handling font encoding PD1 ...
... no UTF-8 mapping file for font encoding PD1
)
\Hy@SavedSpaceFactor=\count132

(/usr/local/texlive/2012/texmf-dist/tex/latex/latexconfig/hyperref.cfg
File: hyperref.cfg 2002/06/06 v1.2 hyperref configuration of TeXLive
)
Package hyperref Info: Option `final' set `true' on input line 3941.
Package hyperref Info: Option `colorlinks' set `true' on input line 3941.
Package hyperref Info: Option `hyperindex' set `true' on input line 3941.
Package hyperref Info: Hyper figures OFF on input line 4062.
Package hyperref Info: Link nesting OFF on input line 4067.
Package hyperref Info: Hyper index ON on input line 4070.
Package hyperref Info: Plain pages OFF on input line 4077.
Package hyperref Info: Backreferencing OFF on input line 4082.
Package hyperref Info: Implicit mode ON; LaTeX internals redefined.
Package hyperref Info: Bookmarks ON on input line 4300.
\c@Hy@tempcnt=\count133
LaTeX Info: Redefining \url on input line 4653.
\Fld@menulength=\count134
\Field@Width=\dimen145
\Fld@charsize=\dimen146
Package hyperref Info: Hyper figures OFF on input line 5773.
Package hyperref Info: Link nesting OFF on input line 5778.
Package hyperref Info: Hyper index ON on input line 5781.
Package hyperref Info: backreferencing OFF on input line 5788.
Package hyperref Info: Link coloring ON on input line 5791.
Package hyperref Info: Link coloring with OCG OFF on input line 5798.
Package hyperref Info: PDF/A mode OFF on input line 5803.
LaTeX Info: Redefining \ref on input line 5843.
LaTeX Info: Redefining \pageref on input line 5847.
\Hy@abspage=\count135
\c@Item=\count136
\c@Hfootnote=\count137
)

Package hyperref Message: Driver (autodetected): hpdftex.

(/usr/local/texlive/2012/texmf-dist/tex/latex/hyperref/hpdftex.def
File: hpdftex.def 2012/05/13 v6.82q Hyperref driver for pdfTeX
\Fld@listcount=\count138
\c@bookmark@seq@number=\count139

(/usr/local/texlive/2012/texmf-dist/tex/latex/oberdiek/rerunfilecheck.sty
Package: rerunfilecheck 2011/04/15 v1.7 Rerun checks for auxiliary files (HO)
Package uniquecounter Info: New unique counter `rerunfilecheck' on input line 2
82.
)
\Hy@SectionHShift=\skip52
)
epsfig option `silent' ignored
\s@ch@@ghtb@x=\box63
LaTeX Font Info:    Try loading font information for OT1+ppl on input line 146.

(/usr/local/texlive/2012/texmf-dist/tex/latex/psnfss/ot1ppl.fd
File: ot1ppl.fd 2001/06/04 font definitions for OT1/ppl.
)
\@nv@s@bl@=\box64
\s@cskip=\dimen147
\@glossaryfile=\write5
\openout5 = `document.glo'.


Writing glossary file document.glo 
) (/usr/local/texlive/2012/texmf-dist/tex/latex/mh/mathtools.sty
Package: mathtools 2012/04/24 v1.12 mathematical typesetting tools

(/usr/local/texlive/2012/texmf-dist/tex/latex/tools/calc.sty
Package: calc 2007/08/22 v4.3 Infix arithmetic (KKT,FJ)
\calc@Acount=\count140
\calc@Bcount=\count141
\calc@Adimen=\dimen148
\calc@Bdimen=\dimen149
\calc@Askip=\skip53
\calc@Bskip=\skip54
LaTeX Info: Redefining \setlength on input line 76.
LaTeX Info: Redefining \addtolength on input line 77.
\calc@Ccount=\count142
\calc@Cskip=\skip55
)
(/usr/local/texlive/2012/texmf-dist/tex/latex/mh/mhsetup.sty
Package: mhsetup 2010/01/21 v1.2a programming setup (MH)
)
\g_MT_multlinerow_int=\count143
\l_MT_multwidth_dim=\dimen150
\origjot=\skip56
\l_MT_shortvdotswithinadjustabove_dim=\dimen151
\l_MT_shortvdotswithinadjustbelow_dim=\dimen152
\l_MT_above_intertext_dim=\dimen153
\l_MT_below_intertext_dim=\dimen154
\l_MT_above_shortintertext_dim=\dimen155
\l_MT_below_shortintertext_dim=\dimen156
)
(/usr/local/texlive/2012/texmf-dist/tex/latex/algorithms/algorithmic.sty
Package: algorithmic 2009/08/24 v0.1 Document Style `algorithmic'

(/usr/local/texlive/2012/texmf-dist/tex/latex/base/ifthen.sty
Package: ifthen 2001/05/26 v1.1c Standard LaTeX ifthen package (DPC)
)
\c@ALC@unique=\count144
\c@ALC@line=\count145
\c@ALC@rem=\count146
\c@ALC@depth=\count147
\ALC@tlm=\skip57
\algorithmicindent=\skip58
)
(/usr/local/texlive/2012/texmf-dist/tex/latex/algorithms/algorithm.sty
Package: algorithm 2009/08/24 v0.1 Document Style `algorithm' - floating enviro
nment

(/usr/local/texlive/2012/texmf-dist/tex/latex/float/float.sty
Package: float 2001/11/08 v1.3d Float enhancements (AL)
\c@float@type=\count148
\float@exts=\toks27
\float@box=\box65
\@float@everytoks=\toks28
\@floatcapt=\box66
)
\@float@every@algorithm=\toks29
\c@algorithm=\count149
)
(/usr/local/texlive/2012/texmf-dist/tex/latex/multirow/multirow.sty
\bigstrutjot=\dimen157
)
(/usr/local/texlive/2012/texmf-dist/tex/latex/subfigure/subfigure.sty
Package: subfigure 2002/03/15 v2.1.5 subfigure package
\subfigtopskip=\skip59
\subfigcapskip=\skip60
\subfigcaptopadj=\dimen158
\subfigbottomskip=\skip61
\subfigcapmargin=\dimen159
\subfiglabelskip=\skip62
\c@subfigure=\count150
\c@lofdepth=\count151
\c@subtable=\count152
\c@lotdepth=\count153

****************************************
* Local config file subfigure.cfg used *
****************************************
(/usr/local/texlive/2012/texmf-dist/tex/latex/subfigure/subfigure.cfg)
\subfig@top=\skip63
\subfig@bottom=\skip64
)
(/usr/local/texlive/2012/texmf-dist/tex/latex/listings/listings.sty
\lst@mode=\count154
\lst@gtempboxa=\box67
\lst@token=\toks30
\lst@length=\count155
\lst@currlwidth=\dimen160
\lst@column=\count156
\lst@pos=\count157
\lst@lostspace=\dimen161
\lst@width=\dimen162
\lst@newlines=\count158
\lst@lineno=\count159
\lst@maxwidth=\dimen163

(/usr/local/texlive/2012/texmf-dist/tex/latex/listings/lstmisc.sty
File: lstmisc.sty 2007/02/22 1.4 (Carsten Heinz)
\c@lstnumber=\count160
\lst@skipnumbers=\count161
\lst@framebox=\box68
)
(/usr/local/texlive/2012/texmf-dist/tex/latex/listings/listings.cfg
File: listings.cfg 2007/02/22 1.4 listings configuration
))
Package: listings 2007/02/22 1.4 (Carsten Heinz)

(/usr/local/texlive/2012/texmf-dist/tex/latex/listings/lstlang1.sty
File: lstlang1.sty 2004/09/05 1.3 listings language file
)
(./document.aux)
\openout1 = `document.aux'.

LaTeX Font Info:    Checking defaults for OML/cmm/m/it on input line 74.
LaTeX Font Info:    ... okay on input line 74.
LaTeX Font Info:    Checking defaults for T1/cmr/m/n on input line 74.
LaTeX Font Info:    ... okay on input line 74.
LaTeX Font Info:    Checking defaults for OT1/cmr/m/n on input line 74.
LaTeX Font Info:    ... okay on input line 74.
LaTeX Font Info:    Checking defaults for OMS/cmsy/m/n on input line 74.
LaTeX Font Info:    ... okay on input line 74.
LaTeX Font Info:    Checking defaults for OMX/cmex/m/n on input line 74.
LaTeX Font Info:    ... okay on input line 74.
LaTeX Font Info:    Checking defaults for U/cmr/m/n on input line 74.
LaTeX Font Info:    ... okay on input line 74.
LaTeX Font Info:    Checking defaults for PD1/pdf/m/n on input line 74.
LaTeX Font Info:    ... okay on input line 74.

(/usr/local/texlive/2012/texmf-dist/tex/latex/oberdiek/epstopdf-base.sty
Package: epstopdf-base 2010/02/09 v2.5 Base part for package epstopdf

(/usr/local/texlive/2012/texmf-dist/tex/latex/oberdiek/grfext.sty
Package: grfext 2010/08/19 v1.1 Manage graphics extensions (HO)
)
Package epstopdf-base Info: Redefining graphics rule for `.eps' on input line 4
34.
Package grfext Info: Graphics extension search list:
(grfext)             [.png,.pdf,.jpg,.mps,.jpeg,.jbig2,.jb2,.PNG,.PDF,.JPG,.JPE
G,.JBIG2,.JB2,.eps]
(grfext)             \AppendGraphicsExtensions on input line 452.

(/usr/local/texlive/2012/texmf-dist/tex/latex/latexconfig/epstopdf-sys.cfg
File: epstopdf-sys.cfg 2010/07/13 v1.3 Configuration of (r)epstopdf for TeX Liv
e
))
(/usr/local/texlive/2012/texmf-dist/tex/context/base/supp-pdf.mkii
[Loading MPS to PDF converter (version 2006.09.02).]
\scratchcounter=\count162
\scratchdimen=\dimen164
\scratchbox=\box69
\nofMPsegments=\count163
\nofMParguments=\count164
\everyMPshowfont=\toks31
\MPscratchCnt=\count165
\MPscratchDim=\dimen165
\MPnumerator=\count166
\makeMPintoPDFobject=\count167
\everyMPtoPDFconversion=\toks32
)
\AtBeginShipoutBox=\box70
Package hyperref Info: Link coloring ON on input line 74.
 (/usr/local/texlive/2012/texmf-dist/tex/latex/hyperref/nameref.sty
Package: nameref 2010/04/30 v2.40 Cross-referencing by name of section

(/usr/local/texlive/2012/texmf-dist/tex/generic/oberdiek/gettitlestring.sty
Package: gettitlestring 2010/12/03 v1.4 Cleanup title references (HO)
)
\c@section@level=\count168
)
LaTeX Info: Redefining \ref on input line 74.
LaTeX Info: Redefining \pageref on input line 74.
LaTeX Info: Redefining \nameref on input line 74.

(./document.out) (./document.out)
\@outlinefile=\write6
\openout6 = `document.out'.

\c@lstlisting=\count169
 (./sections/acknowledgements.tex

Package hyperref Warning: Option `colorlinks' has already been used,
(hyperref)                setting the option has no effect on input line 20.

Package hyperref Info: Option `debug' set `false' on input line 20.
Package hyperref Info: Option `bookmarksopen' set `true' on input line 20.
LaTeX Font Info:    Try loading font information for U+msa on input line 37.
(/usr/local/texlive/2012/texmf-dist/tex/latex/amsfonts/umsa.fd
File: umsa.fd 2009/06/22 v3.00 AMS symbols A
)
LaTeX Font Info:    Try loading font information for U+msb on input line 37.

(/usr/local/texlive/2012/texmf-dist/tex/latex/amsfonts/umsb.fd
File: umsb.fd 2009/06/22 v3.00 AMS symbols B
)
Package epstopdf Info: Source file: <figs/preliminar/Logo_IST_web.eps>
(epstopdf)                    date: 2012-06-21 16:32:16
(epstopdf)                    size: 651034 bytes
(epstopdf)             Output file: <figs/preliminar/Logo_IST_web-eps-converted
-to.pdf>
(epstopdf)                    date: 2013-10-02 17:38:52
(epstopdf)                    size: 15509 bytes
(epstopdf)             Command: <repstopdf --outfile=figs/preliminar/Logo_IST_w
eb-eps-converted-to.pdf figs/preliminar/Logo_IST_web.eps>
(epstopdf)             \includegraphics on input line 38.
Package epstopdf Info: Output file is already uptodate.

<figs/preliminar/Logo_IST_web-eps-converted-to.pdf, id=281, 500.87125pt x 193.7
2375pt>
File: figs/preliminar/Logo_IST_web-eps-converted-to.pdf Graphic file (type pdf)

 <use figs/preliminar/Logo_IST_web-eps-converted-to.pdf>
Package pdftex.def Info: figs/preliminar/Logo_IST_web-eps-converted-to.pdf used
 on input line 38.
(pdftex.def)             Requested size: 142.26378pt x 55.02264pt.
LaTeX Font Info:    Font shape `OT1/ppl/bx/n' in size <17.28> not available
(Font)              Font shape `OT1/ppl/b/n' tried instead on input line 54.
LaTeX Font Info:    Font shape `OT1/ppl/bx/n' in size <14.4> not available
(Font)              Font shape `OT1/ppl/b/n' tried instead on input line 67.

Overfull \vbox (12.57602pt too high) detected at line 80
 []


Overfull \vbox (8.42929pt too high) detected at line 103
 []

LaTeX Font Info:    Font shape `OT1/ppl/bx/n' in size <14> not available
(Font)              Font shape `OT1/ppl/b/n' tried instead on input line 125.

Overfull \vbox (20.28976pt too high) detected at line 128
 []


Underfull \vbox (badness 10000) detected at line 130
 []

[1

pdfTeX warning: /usr/texbin/pdflatex: pop empty color page stack 0

Non-PDF special ignored!{/usr/local/texlive/2012/texmf-var/fonts/map/pdftex/upd
map/pdftex.map} <./figs/preliminar/Logo_IST_web-eps-converted-to.pdf>] [2

]
[3] [4] [5


] [6

] [7

] [8

] [9] [10

] [11] [12

] (./document.toc
LaTeX Font Info:    Font shape `OT1/ppl/bx/n' in size <10.95> not available
(Font)              Font shape `OT1/ppl/b/n' tried instead on input line 1.
 [1

] [2] [3])
\tf@toc=\write7
\openout7 = `document.toc'.


[4] (./document.lof [5

])
\tf@lof=\write8
\openout8 = `document.lof'.

 [6] (./document.lot)
\tf@lot=\write9
\openout9 = `document.lot'.

 [7

] [8

])
(./sections/introduction.tex
Chapter 1.
pdfTeX warning (ext4): destination with the same identifier (name{page.1}) has 
been already used, duplicate ignored
<to be read again> 
                   \relax 
l.48 
      [1

]pdfTeX warning (ext4): destination with the same identifier (name{page.2}) has
 been already used, duplicate ignored
<to be read again> 
                   \relax 
l.74 \section
             {Extended motivation and Roadmap} [2]pdfTeX warning (ext4): destin
ation with the same identifier (name{page.3}) has been already used, duplicate 
ignored
<to be read again> 
                   \relax 
l.82 
      [3]pdfTeX warning (ext4): destination with the same identifier (name{page
.4}) has been already used, duplicate ignored
<to be read again> 
                   \relax 
l.99 T
      he main goal of this work is to incorporate a more flexible, fine-grai...
[4]pdfTeX warning (ext4): destination with the same identifier (name{page.5}) h
as been already used, duplicate ignored
<to be read again> 
                   \relax 
l.116 
       [5]
LaTeX Font Info:    Try loading font information for OMS+ppl on input line 127.

 (/usr/local/texlive/2012/texmf-dist/tex/latex/psnfss/omsppl.fd
File: omsppl.fd 
)
LaTeX Font Info:    Font shape `OMS/ppl/m/n' in size <10.95> not available
(Font)              Font shape `OMS/cmsy/m/n' tried instead on input line 127.
pdfTeX warning (ext4): destination with the same identifier (name{page.6}) has 
been already used, duplicate ignored
<to be read again> 
                   \relax 
l.167 
       [6]) (./sections/relatedwork.texpdfTeX warning (ext4): destination with 
the same identifier (name{page.7}) has been already used, duplicate ignored
<to be read again> 
                   \relax 
l.14 \chapter
             {Related Work} [7]pdfTeX warning (ext4): destination with the same
 identifier (name{page.8}) has been already used, duplicate ignored
<to be read again> 
                   \relax 
l.14 \chapter
             {Related Work} [8

]
Chapter 2.
pdfTeX warning (ext4): destination with the same identifier (name{page.9}) has 
been already used, duplicate ignored
<to be read again> 
                   \relax 
l.32 	\item R
             eliability versus Performance: Usually databases of this type s...
[9]
LaTeX Font Info:    Font shape `OT1/ppl/bx/n' in size <12> not available
(Font)              Font shape `OT1/ppl/b/n' tried instead on input line 41.
pdfTeX warning (ext4): destination with the same identifier (name{page.10}) has
 been already used, duplicate ignored
<to be read again> 
                   \relax 
l.43 	\subsection
                 {Document Stores} [10]pdfTeX warning (ext4): destination with 
the same identifier (name{page.11}) has been already used, duplicate ignored
<to be read again> 
                   \relax 
l.58 
      [11]pdfTeX warning (ext4): destination with the same identifier (name{pag
e.12}) has been already used, duplicate ignored
<to be read again> 
                   \relax 
l.91 
      [12pdfTeX warning (ext4): destination with the same identifier (name{tabl
e.2.1}) has been already used, duplicate ignored

\AtBegShi@Output ...ipout \box \AtBeginShipoutBox 
                                                  \fi \fi 
l.91 
     ] [13] [14pdfTeX warning (ext4): destination with the same identifier (nam
e{table.2.2}) has been already used, duplicate ignored

\AtBegShi@Output ...ipout \box \AtBeginShipoutBox 
                                                  \fi \fi 
l.137 
      ] [15pdfTeX warning (ext4): destination with the same identifier (name{ta
ble.2.3}) has been already used, duplicate ignored

\AtBegShi@Output ...ipout \box \AtBeginShipoutBox 
                                                  \fi \fi 
l.167 
      ] <figs/consistency.pdf, id=641, 573.14125pt x 217.81375pt>
File: figs/consistency.pdf Graphic file (type pdf)

<use figs/consistency.pdf>
Package pdftex.def Info: figs/consistency.pdf used on input line 176.
(pdftex.def)             Requested size: 227.62204pt x 86.50577pt.
 [16pdfTeX warning (ext4): destination with the same identifier (name{figure.2.
1}) has been already used, duplicate ignored

\AtBegShi@Output ...ipout \box \AtBeginShipoutBox 
                                                  \fi \fi 
l.184 
       <./figs/consistency.pdf>] [17]
LaTeX Font Info:    Try loading font information for OML+ppl on input line 220.


(/usr/local/texlive/2012/texmf-dist/tex/latex/psnfss/omlppl.fd
File: omlppl.fd 
)
LaTeX Font Info:    Font shape `OML/ppl/m/n' in size <10.95> not available
(Font)              Font shape `OML/cmm/m/it' tried instead on input line 220.
 [18] [19]
<figs/hbase-main-architecture.pdf, id=702, 525.40291pt x 333.88742pt>
File: figs/hbase-main-architecture.pdf Graphic file (type pdf)

<use figs/hbase-main-architecture.pdf>
Package pdftex.def Info: figs/hbase-main-architecture.pdf used on input line 24
6.
(pdftex.def)             Requested size: 227.62204pt x 144.65396pt.


LaTeX Warning: `h' float specifier changed to `ht'.


Underfull \hbox (badness 10000) in paragraph at lines 251--252
[]\OT1/ppl/m/n/10.95 Hbase is an open-source dis-tributed, ver-sioned, column-s
tore de-signed af-ter
 []

[20] [21pdfTeX warning (ext4): destination with the same identifier (name{figur
e.2.2}) has been already used, duplicate ignored

\AtBegShi@Output ...ipout \box \AtBeginShipoutBox 
                                                  \fi \fi 
l.257 
       <./figs/hbase-main-architecture.pdf>] [22] [23] [24] [25])
(./sections/architecture.tex [26]
Chapter 3.
[27

] <figs/highlevel.pdf, id=794, 446.66875pt x 440.64626pt>
File: figs/highlevel.pdf Graphic file (type pdf)

<use figs/highlevel.pdf>
Package pdftex.def Info: figs/highlevel.pdf used on input line 37.
(pdftex.def)             Requested size: 364.19664pt x 359.29498pt.
 [28pdfTeX warning (ext4): destination with the same identifier (name{figure.3.
1}) has been already used, duplicate ignored

\AtBegShi@Output ...ipout \box \AtBeginShipoutBox 
                                                  \fi \fi 
l.47 \item S
            econdly, defining a QoD vector-model based on the schema design ...
 <./figs/highlevel.pdf>] [29] [30pdfTeX warning (ext4): destination with the sa
me identifier (name{table.3.1}) has been already used, duplicate ignored

\AtBegShi@Output ...ipout \box \AtBeginShipoutBox 
                                                  \fi \fi 
l.95 
     ]
Underfull \hbox (badness 1496) in paragraph at lines 101--102
[]\OT1/ppl/m/n/10.95 Partitioning al-lowed with even-tual con-sis-tency al-low-
ing to rec-on-cile changes au-
 []

[31] <figs/ReplicationFlow.pdf, id=912, 574.145pt x 524.96124pt>
File: figs/ReplicationFlow.pdf Graphic file (type pdf)

<use figs/ReplicationFlow.pdf>
Package pdftex.def Info: figs/ReplicationFlow.pdf used on input line 145.
(pdftex.def)             Requested size: 364.19664pt x 333.00224pt.

<figs/multi-site.pdf, id=913, 558.085pt x 494.84875pt>
File: figs/multi-site.pdf Graphic file (type pdf)

<use figs/multi-site.pdf>
Package pdftex.def Info: figs/multi-site.pdf used on input line 156.
(pdftex.def)             Requested size: 364.19664pt x 322.93906pt.
 [32] [33pdfTeX warning (ext4): destination with the same identifier (name{figu
re.3.2}) has been already used, duplicate ignored

\AtBegShi@Output ...ipout \box \AtBeginShipoutBox 
                                                  \fi \fi 
l.177 
       <./figs/ReplicationFlow.pdf>]
LaTeX Font Info:    Try loading font information for OT1+pcr on input line 178.


(/usr/local/texlive/2012/texmf-dist/tex/latex/psnfss/ot1pcr.fd
File: ot1pcr.fd 2001/06/04 font definitions for OT1/pcr.
) [34pdfTeX warning (ext4): destination with the same identifier (name{figure.3
.3}) has been already used, duplicate ignored

\AtBegShi@Output ...ipout \box \AtBeginShipoutBox 
                                                  \fi \fi 
l.179 
       <./figs/multi-site.pdf>]
Package hyperref Info: bookmark level for unknown algorithm defaults to 0 on in
put line 185.
 [35] (./sections/operation-grouping.tex
[36]
Package hyperref Info: bookmark level for unknown lstlisting defaults to 0 on i
nput line 12.
 [37] <figs/operation-grouping.pdf, id=1128, 370.38374pt x 345.29pt>
File: figs/operation-grouping.pdf Graphic file (type pdf)

<use figs/operation-grouping.pdf>
Package pdftex.def Info: figs/operation-grouping.pdf used on input line 35.
(pdftex.def)             Requested size: 222.23195pt x 207.17558pt.

<figs/ginja2-grouping-send.pdf, id=1131, 560.0925pt x 397.485pt>
File: figs/ginja2-grouping-send.pdf Graphic file (type pdf)

<use figs/ginja2-grouping-send.pdf>
Package pdftex.def Info: figs/ginja2-grouping-send.pdf used on input line 46.
(pdftex.def)             Requested size: 336.05809pt x 238.49283pt.

<figs/ginja1-grouping-receive.pdf, id=1134, 289.08pt x 200.75pt>
File: figs/ginja1-grouping-receive.pdf Graphic file (type pdf)

<use figs/ginja1-grouping-receive.pdf>
Package pdftex.def Info: figs/ginja1-grouping-receive.pdf used on input line 55
.
(pdftex.def)             Requested size: 173.44933pt x 120.45091pt.
) [38pdfTeX warning (ext4): destination with the same identifier (name{figure.3
.4}) has been already used, duplicate ignored

\AtBegShi@Output ...ipout \box \AtBeginShipoutBox 
                                                  \fi \fi 
l.214 
       <./figs/operation-grouping.pdf>] [39pdfTeX warning (ext4): destination w
ith the same identifier (name{figure.3.5}) has been already used, duplicate ign
ored

\AtBegShi@Output ...ipout \box \AtBeginShipoutBox 
                                                  \fi \fi 
l.214 
      pdfTeX warning (ext4): destination with the same identifier (name{figure.
3.6}) has been already used, duplicate ignored

\AtBegShi@Output ...ipout \box \AtBeginShipoutBox 
                                                  \fi \fi 
l.214 
       <./figs/ginja2-grouping-send.pdf> <./figs/ginja1-grouping-receive.pdf>]
<figs/HBaseQoD-class-diagram.pdf, id=1180, 1122.1925pt x 1176.395pt>
File: figs/HBaseQoD-class-diagram.pdf Graphic file (type pdf)

<use figs/HBaseQoD-class-diagram.pdf>
Package pdftex.def Info: figs/HBaseQoD-class-diagram.pdf used on input line 220
.
(pdftex.def)             Requested size: 455.24408pt x 477.22719pt.
) (./sections/implementation.tex [40]
[41pdfTeX warning (ext4): destination with the same identifier (name{figure.3.7
}) has been already used, duplicate ignored

\AtBegShi@Output ...ipout \box \AtBeginShipoutBox 
                                                  \fi \fi 
l.7 \chapter
            {Implementation} <./figs/HBaseQoD-class-diagram.pdf>] [42

]
Chapter 4.
[43] (./sections/classes/vectorK.tex [44] [45])
(./sections/classes/filtering.tex
Overfull \hbox (26.75568pt too wide) in paragraph at lines 2--4
[][][][][][][][][][][][][]  
 []

[46]
Overfull \hbox (9.75525pt too wide) in paragraph at lines 16--17
[][][][][][][][][][][][][][][][][][][][][][][][][][][][][][][][][][][][][][][][
][][] 
 []

) [47] [48]) (./sections/evaluation.tex [49] [50

]
Chapter 5.
[51] [52]
<figs/plot-packets-size-workloada-allbounds-latest.pdf, id=1365, 361.35pt x 252
.945pt>
File: figs/plot-packets-size-workloada-allbounds-latest.pdf Graphic file (type 
pdf)
 <use figs/plot-packets-size-workloada-allbounds-latest.pdf>
Package pdftex.def Info: figs/plot-packets-size-workloada-allbounds-latest.pdf 
used on input line 66.
(pdftex.def)             Requested size: 469.75496pt x 328.82846pt.

Overfull \hbox (14.51088pt too wide) in paragraph at lines 66--67
 [][] 
 []

[53] [54pdfTeX warning (ext4): destination with the same identifier (name{figur
e.5.1}) has been already used, duplicate ignored

\AtBegShi@Output ...ipout \box \AtBeginShipoutBox 
                                                  \fi \fi 
l.72 
      <./figs/plot-packets-size-workloada-allbounds-latest.pdf>]
<figs/plot-packets-size-workloada-modified-allbounds-latest.pdf, id=1402, 361.3
5pt x 252.945pt>
File: figs/plot-packets-size-workloada-modified-allbounds-latest.pdf Graphic fi
le (type pdf)

<use figs/plot-packets-size-workloada-modified-allbounds-latest.pdf>
Package pdftex.def Info: figs/plot-packets-size-workloada-modified-allbounds-la
test.pdf used on input line 88.
(pdftex.def)             Requested size: 469.75496pt x 328.82846pt.

Overfull \hbox (14.51088pt too wide) in paragraph at lines 88--89
 [][] 
 []


Underfull \hbox (badness 10000) in paragraph at lines 96--97

 []

[55] [56pdfTeX warning (ext4): destination with the same identifier (name{figur
e.5.2}) has been already used, duplicate ignored

\AtBegShi@Output ...ipout \box \AtBeginShipoutBox 
                                                  \fi \fi 
l.102 	\item D
              efault data size: 1 KB records (10 fields, 100 bytes each, plu...
 <./figs/plot-packets-size-workloada-modified-allbounds-latest.pdf>]
<figs/multiplot-size-workloadb-allbounds.pdf, id=1437, 361.35pt x 252.945pt>
File: figs/multiplot-size-workloadb-allbounds.pdf Graphic file (type pdf)

<use figs/multiplot-size-workloadb-allbounds.pdf>
Package pdftex.def Info: figs/multiplot-size-workloadb-allbounds.pdf used on in
put line 111.
(pdftex.def)             Requested size: 469.75496pt x 328.82846pt.

Overfull \hbox (14.51088pt too wide) in paragraph at lines 111--112
 [][] 
 []

[57pdfTeX warning (ext4): destination with the same identifier (name{figure.5.3
}) has been already used, duplicate ignored

\AtBegShi@Output ...ipout \box \AtBeginShipoutBox 
                                                  \fi \fi 
l.117 
       <./figs/multiplot-size-workloadb-allbounds.pdf>]
<figs/multiplot-size-workloadf-allbounds.pdf, id=1468, 361.35pt x 252.945pt>
File: figs/multiplot-size-workloadf-allbounds.pdf Graphic file (type pdf)

<use figs/multiplot-size-workloadf-allbounds.pdf>
Package pdftex.def Info: figs/multiplot-size-workloadf-allbounds.pdf used on in
put line 134.
(pdftex.def)             Requested size: 469.75496pt x 328.82846pt.

Overfull \hbox (14.51088pt too wide) in paragraph at lines 134--135
 [][] 
 []

[58] [59pdfTeX warning (ext4): destination with the same identifier (name{figur
e.5.4}) has been already used, duplicate ignored

\AtBegShi@Output ...ipout \box \AtBeginShipoutBox 
                                                  \fi \fi 
l.147 
       <./figs/multiplot-size-workloadf-allbounds.pdf>]
<figs/freshness-latest.pdf, id=1503, 361.35pt x 252.945pt>
File: figs/freshness-latest.pdf Graphic file (type pdf)

<use figs/freshness-latest.pdf>
Package pdftex.def Info: figs/freshness-latest.pdf used on input line 150.
(pdftex.def)             Requested size: 469.75496pt x 328.82846pt.

Overfull \hbox (14.51088pt too wide) in paragraph at lines 150--151
 [][] 
 []


<figs/timestamps-non-critical-updates-false.pdf, id=1506, 794.97pt x 614.295pt>
File: figs/timestamps-non-critical-updates-false.pdf Graphic file (type pdf)
<use figs/timestamps-non-critical-updates-false.pdf>
Package pdftex.def Info: figs/timestamps-non-critical-updates-false.pdf used on
 input line 166.
(pdftex.def)             Requested size: 455.24408pt x 351.79211pt.


LaTeX Warning: `h' float specifier changed to `ht'.

<figs/timestamps-critical-updates.pdf, id=1509, 794.97pt x 614.295pt>
File: figs/timestamps-critical-updates.pdf Graphic file (type pdf)

<use figs/timestamps-critical-updates.pdf>
Package pdftex.def Info: figs/timestamps-critical-updates.pdf used on input lin
e 175.
(pdftex.def)             Requested size: 455.24408pt x 351.79211pt.


LaTeX Warning: `h' float specifier changed to `ht'.

[60] [61] <figs/bandwidth.pdf, id=1522, 361.35pt x 252.945pt>
File: figs/bandwidth.pdf Graphic file (type pdf)

<use figs/bandwidth.pdf>
Package pdftex.def Info: figs/bandwidth.pdf used on input line 195.
(pdftex.def)             Requested size: 364.19664pt x 254.9398pt.
 <figs/throughput.pdf, id=1523, 361.35pt x 252.945pt>
File: figs/throughput.pdf Graphic file (type pdf)

<use figs/throughput.pdf>
Package pdftex.def Info: figs/throughput.pdf used on input line 202.
(pdftex.def)             Requested size: 364.19664pt x 254.9398pt.
 <figs/cpu.pdf, id=1524, 361.35pt x 252.945pt>
File: figs/cpu.pdf Graphic file (type pdf)

<use figs/cpu.pdf>
Package pdftex.def Info: figs/cpu.pdf used on input line 209.
(pdftex.def)             Requested size: 364.19664pt x 254.9398pt.
) (./sections/conclusion.tex [62] [63pdfTeX warning (ext4): destination with th
e same identifier (name{figure.5.5}) has been already used, duplicate ignored

\AtBegShi@Output ...ipout \box \AtBeginShipoutBox 
                                                  \fi \fi 
l.23 \chapter
             {Conclusion} <./figs/freshness-latest.pdf>] [64pdfTeX warning (ext
4): destination with the same identifier (name{figure.5.6}) has been already us
ed, duplicate ignored

\AtBegShi@Output ...ipout \box \AtBeginShipoutBox 
                                                  \fi \fi 
l.23 \chapter
             {Conclusion} <./figs/timestamps-non-critical-updates-false.pdf>]
[65pdfTeX warning (ext4): destination with the same identifier (name{figure.5.7
}) has been already used, duplicate ignored

\AtBegShi@Output ...ipout \box \AtBeginShipoutBox 
                                                  \fi \fi 
l.23 \chapter
             {Conclusion} <./figs/timestamps-critical-updates.pdf>] [66pdfTeX w
arning (ext4): destination with the same identifier (name{figure.5.8}) has been
 already used, duplicate ignored

\AtBegShi@Output ...ipout \box \AtBeginShipoutBox 
                                                  \fi \fi 
l.23 \chapter
             {Conclusion}pdfTeX warning (ext4): destination with the same ident
ifier (name{figure.5.9}) has been already used, duplicate ignored

\AtBegShi@Output ...ipout \box \AtBeginShipoutBox 
                                                  \fi \fi 
l.23 \chapter
             {Conclusion} <./figs/bandwidth.pdf> <./figs/throughput.pdf>]
[67pdfTeX warning (ext4): destination with the same identifier (name{figure.5.1
0}) has been already used, duplicate ignored

\AtBegShi@Output ...ipout \box \AtBeginShipoutBox 
                                                  \fi \fi 
l.23 \chapter
             {Conclusion} <./figs/cpu.pdf>] [68

]
Chapter 6.
[69]) (./sections/future.tex) [70] (./sections/bibliography.tex (./document.bbl
[71

]
Overfull \hbox (14.17833pt too wide) in paragraph at lines 114--117
[]\OT1/ppl/m/n/10.95 George, L. (2012).  Ad-vanced Hbase.  http://www.slideshar
e.net/jaxlondon2012/hbase-
 []

[72] [73]))
No file document.ind.
[74]
Package atveryend Info: Empty hook `BeforeClearDocument' on input line 241.
Package atveryend Info: Empty hook `AfterLastShipout' on input line 241.
 (./document.aux)
Package atveryend Info: Executing hook `AtVeryEndDocument' on input line 241.
Package atveryend Info: Executing hook `AtEndAfterFileList' on input line 241.
Package rerunfilecheck Info: File `document.out' has not changed.
(rerunfilecheck)             Checksum: F3992569DF61847724A3E38662107210;4878.
Package atveryend Info: Empty hook `AtVeryVeryEnd' on input line 241.
 ) 
Here is how much of TeX's memory you used:
 10533 strings out of 493488
 149780 string characters out of 3141326
 296556 words of memory out of 3000000
 13168 multiletter control sequences out of 15000+200000
 33586 words of font info for 94 fonts, out of 3000000 for 9000
 957 hyphenation exceptions out of 8191
 39i,13n,40p,1262b,1866s stack positions out of 5000i,500n,10000p,200000b,50000s
{/usr/local/texlive/2012/texmf-dist/fonts/enc/dvips/base/8r.enc}</usr/local/t
exlive/2012/texmf-dist/fonts/type1/public/amsfonts/cm/cmmi10.pfb></usr/local/te
xlive/2012/texmf-dist/fonts/type1/public/amsfonts/cm/cmr10.pfb></usr/local/texl
ive/2012/texmf-dist/fonts/type1/public/amsfonts/cm/cmr8.pfb></usr/local/texlive
/2012/texmf-dist/fonts/type1/public/amsfonts/cm/cmsy10.pfb></usr/local/texlive/
2012/texmf-dist/fonts/type1/public/amsfonts/euler/eurm10.pfb></usr/local/texliv
e/2012/texmf-dist/fonts/type1/public/hfbright/hfbr8.pfb></usr/local/texlive/201
2/texmf-dist/fonts/type1/public/hfbright/hfbrsl8.pfb></usr/local/texlive/2012/t
exmf-dist/fonts/type1/urw/courier/ucrr8a.pfb></usr/local/texlive/2012/texmf-dis
t/fonts/type1/urw/palatino/uplb8a.pfb></usr/local/texlive/2012/texmf-dist/fonts
/type1/urw/palatino/uplr8a.pfb></usr/local/texlive/2012/texmf-dist/fonts/type1/
urw/palatino/uplr8a.pfb></usr/local/texlive/2012/texmf-dist/fonts/type1/urw/pal
atino/uplri8a.pfb>
Output written on document.pdf (94 pages, 2060086 bytes).
PDF statistics:
 1844 PDF objects out of 2073 (max. 8388607)
 1534 compressed objects within 16 object streams
 393 named destinations out of 1000 (max. 500000)
 653 words of extra memory for PDF output out of 10000 (max. 10000000)

